Downloading powersOfTau28_hez_final_10.ptau
--2022-05-11 14:02:04--  https://hermez.s3-eu-west-1.amazonaws.com/powersOfTau28_hez_final_10.ptau
Resolving hermez.s3-eu-west-1.amazonaws.com (hermez.s3-eu-west-1.amazonaws.com)... 52.218.101.112
Connecting to hermez.s3-eu-west-1.amazonaws.com (hermez.s3-eu-west-1.amazonaws.com)|52.218.101.112|:443... connected.
HTTP request sent, awaiting response... 200 OK
Length: 1262744 (1.2M) [application/octet-stream]
Saving to: ‘powersOfTau28_hez_final_10.ptau’

     0K .......... .......... .......... .......... ..........  4%  163K 7s
    50K .......... .......... .......... .......... ..........  8%  190K 6s
   100K .......... .......... .......... .......... .......... 12% 9.26M 4s
   150K .......... .......... .......... .......... .......... 16%  195K 4s
   200K .......... .......... .......... .......... .......... 20% 11.5M 3s
   250K .......... .......... .......... .......... .......... 24% 10.8M 3s
   300K .......... .......... .......... .......... .......... 28% 19.7M 2s
   350K .......... .......... .......... .......... .......... 32%  199K 2s
   400K .......... .......... .......... .......... .......... 36% 10.5M 2s
   450K .......... .......... .......... .......... .......... 40% 10.0M 2s
   500K .......... .......... .......... .......... .......... 44% 13.5M 1s
   550K .......... .......... .......... .......... .......... 48% 9.24M 1s
   600K .......... .......... .......... .......... .......... 52% 8.04M 1s
   650K .......... .......... .......... .......... .......... 56% 12.5M 1s
   700K .......... .......... .......... .......... .......... 60%  161K 1s
   750K .......... .......... .......... .......... .......... 64% 29.0M 1s
   800K .......... .......... .......... .......... .......... 68% 29.7M 1s
   850K .......... .......... .......... .......... .......... 72% 31.3M 1s
   900K .......... .......... .......... .......... .......... 77% 35.8M 0s
   950K .......... .......... .......... .......... .......... 81% 39.9M 0s
  1000K .......... .......... .......... .......... .......... 85% 31.4M 0s
  1050K .......... .......... .......... .......... .......... 89% 23.8M 0s
  1100K .......... .......... .......... .......... .......... 93% 36.1M 0s
  1150K .......... .......... .......... .......... .......... 97% 43.8M 0s
  1200K .......... .......... .......... ...                  100% 26.7M=1.4s

2022-05-11 14:02:07 (852 KB/s) - ‘powersOfTau28_hez_final_10.ptau’ saved [1262744/1262744]

Compiling circuit.circom...
[32mtemplate instances[0m: 71
non-linear constraints: 726
linear constraints: 0
public inputs: 0
public outputs: 1
private inputs: 7
private outputs: 0
wires: 734
labels: 2302
[32mWritten successfully:[0m ./circuit.r1cs
[32mWritten successfully:[0m ./circuit.sym
[32mWritten successfully:[0m ./circuit_js/circuit.wasm
[32mEverything went okay, circom safe[0m
[32;22m[INFO]  [39;1msnarkJS[0m: Curve: bn-128
[32;22m[INFO]  [39;1msnarkJS[0m: # of Wires: 734
[32;22m[INFO]  [39;1msnarkJS[0m: # of Constraints: 726
[32;22m[INFO]  [39;1msnarkJS[0m: # of Private Inputs: 7
[32;22m[INFO]  [39;1msnarkJS[0m: # of Public Inputs: 0
[32;22m[INFO]  [39;1msnarkJS[0m: # of Labels: 2302
[32;22m[INFO]  [39;1msnarkJS[0m: # of Outputs: 1
[32;22m[INFO]  [39;1msnarkJS[0m: Reading r1cs
[32;22m[INFO]  [39;1msnarkJS[0m: Reading tauG1
[32;22m[INFO]  [39;1msnarkJS[0m: Reading tauG2
[32;22m[INFO]  [39;1msnarkJS[0m: Reading alphatauG1
[32;22m[INFO]  [39;1msnarkJS[0m: Reading betatauG1
[32;22m[INFO]  [39;1msnarkJS[0m: Circuit hash: 
		d531360b 4441c8d5 6891e756 c7723e33
		7df36188 90d5a227 7991331a 43bd0aa2
		a9f183ca 36473ef2 0a265453 3a110142
		8d58e622 3f026c96 30dda4cc e685ec11
[36;22m[DEBUG] [39;1msnarkJS[0m: Applying key: L Section: 0/732
[36;22m[DEBUG] [39;1msnarkJS[0m: Applying key: H Section: 0/1024
[32;22m[INFO]  [39;1msnarkJS[0m: Circuit Hash: 
		d531360b 4441c8d5 6891e756 c7723e33
		7df36188 90d5a227 7991331a 43bd0aa2
		a9f183ca 36473ef2 0a265453 3a110142
		8d58e622 3f026c96 30dda4cc e685ec11
[32;22m[INFO]  [39;1msnarkJS[0m: Contribution Hash: 
		debc961c 5df2cf5e d14c6dd4 af6b06c4
		dcf922c9 7ef1591b c22248e7 36c43b83
		5eb30375 c9497de8 78c73db7 c02ade97
		97b3aedf 447ad90f 6f47213d ae47caee
