yarn install v1.22.15
warning ../../../package.json: No license field
[1/4] Resolving packages...
[2/4] Fetching packages...
info No lockfile found.
warning package-lock.json found. Your project contains lock files generated by tools other than Yarn. It is advised not to mix package managers in order to avoid resolution inconsistencies caused by unsynchronized lock files. To clear this warning, remove package-lock.json.
[1/4] Resolving packages...
warning @nomiclabs/buidler > ethereumjs-account@3.0.0: Please use Util.Account class found on package ethereumjs-util@^7.0.6 https://github.com/ethereumjs/ethereumjs-util/releases/tag/v7.0.6
warning @nomiclabs/buidler > ethereumjs-block@2.2.2: New package name format for new versions: @ethereumjs/block. Please update.
warning @nomiclabs/buidler > eth-sig-util@2.5.4: Deprecated in favor of '@metamask/eth-sig-util'
warning @nomiclabs/buidler > ethereumjs-common@1.5.2: New package name format for new versions: @ethereumjs/common. Please update.
warning @nomiclabs/buidler > ethereumjs-block > ethereumjs-common@1.5.2: New package name format for new versions: @ethereumjs/common. Please update.
warning @nomiclabs/buidler > @nomiclabs/ethereumjs-vm > ethereumjs-account@3.0.0: Please use Util.Account class found on package ethereumjs-util@^7.0.6 https://github.com/ethereumjs/ethereumjs-util/releases/tag/v7.0.6
warning @nomiclabs/buidler > @nomiclabs/ethereumjs-vm > ethereumjs-block@2.2.2: New package name format for new versions: @ethereumjs/block. Please update.
warning @nomiclabs/buidler > @nomiclabs/ethereumjs-vm > ethereumjs-common@1.5.2: New package name format for new versions: @ethereumjs/common. Please update.
warning @nomiclabs/buidler > ethereumjs-tx@2.1.2: New package name format for new versions: @ethereumjs/tx. Please update.
warning @nomiclabs/buidler > ethereumjs-block > ethereumjs-tx@2.1.2: New package name format for new versions: @ethereumjs/tx. Please update.
warning @nomiclabs/buidler > @nomiclabs/ethereumjs-vm > ethereumjs-tx@2.1.2: New package name format for new versions: @ethereumjs/tx. Please update.
warning @nomiclabs/buidler > ethereumjs-tx > ethereumjs-common@1.5.2: New package name format for new versions: @ethereumjs/common. Please update.
warning @nomiclabs/buidler > mocha > debug@3.2.6: Debug versions >=3.2.0 <3.2.7 || >=4 <4.3.1 have a low-severity ReDos regression when used in a Node.js environment. It is recommended you upgrade to 3.2.7 or 4.3.1. (https://github.com/visionmedia/debug/issues/797)
warning @nomiclabs/buidler > uuid@3.4.0: Please upgrade  to version 7 or higher.  Older versions may use Math.random() in certain circumstances, which is known to be problematic.  See https://v8.dev/blog/math-random for details.
warning @nomiclabs/buidler > mocha > chokidar > fsevents@2.1.3: "Please update to latest v2.3 or v2.2"
warning @nomiclabs/buidler > @nomiclabs/ethereumjs-vm > ethereumjs-blockchain@4.0.4: New package name format for new versions: @ethereumjs/blockchain. Please update.
warning @nomiclabs/buidler > @nomiclabs/ethereumjs-vm > ethereumjs-blockchain > ethereumjs-block@2.2.2: New package name format for new versions: @ethereumjs/block. Please update.
warning @nomiclabs/buidler > @nomiclabs/ethereumjs-vm > ethereumjs-blockchain > ethereumjs-common@1.5.2: New package name format for new versions: @ethereumjs/common. Please update.
warning @nomiclabs/buidler > @nomiclabs/ethereumjs-vm > ethereumjs-blockchain > ethashjs@0.0.8: New package name format for new versions: @ethereumjs/ethash. Please update.
warning @nomiclabs/buidler-truffle5 > @nomiclabs/truffle-contract > ethers > uuid@2.0.1: Please upgrade  to version 7 or higher.  Older versions may use Math.random() in certain circumstances, which is known to be problematic.  See https://v8.dev/blog/math-random for details.
warning @nomiclabs/buidler-truffle5 > @nomiclabs/truffle-contract > @truffle/debug-utils > highlight.js@9.18.5: Support has ended for 9.x series. Upgrade to @latest
warning @nomiclabs/buidler-truffle5 > @nomiclabs/truffle-contract > @truffle/interface-adapter > web3 > web3-eth > web3-eth-accounts > ethereumjs-common@1.5.2: New package name format for new versions: @ethereumjs/common. Please update.
warning @nomiclabs/buidler-truffle5 > @nomiclabs/truffle-contract > @truffle/interface-adapter > web3 > web3-eth > web3-eth-accounts > ethereumjs-tx@2.1.2: New package name format for new versions: @ethereumjs/tx. Please update.
warning @nomiclabs/buidler-truffle5 > @nomiclabs/truffle-contract > @truffle/interface-adapter > web3 > web3-eth > web3-eth-accounts > uuid@3.3.2: Please upgrade  to version 7 or higher.  Older versions may use Math.random() in certain circumstances, which is known to be problematic.  See https://v8.dev/blog/math-random for details.
warning @nomiclabs/buidler-truffle5 > @nomiclabs/truffle-contract > ethereum-ens > web3 > web3-eth > web3-eth-accounts > uuid@3.3.2: Please upgrade  to version 7 or higher.  Older versions may use Math.random() in certain circumstances, which is known to be problematic.  See https://v8.dev/blog/math-random for details.
warning @nomiclabs/buidler-truffle5 > @nomiclabs/truffle-contract > @truffle/interface-adapter > web3 > web3-bzz > swarm-js > mkdirp-promise@5.0.1: This package is broken and no longer maintained. 'mkdirp' itself supports promises now, please switch to that.
warning @nomiclabs/buidler-truffle5 > @nomiclabs/truffle-contract > @truffle/interface-adapter > web3 > web3-bzz > swarm-js > eth-lib > servify > request@2.88.2: request has been deprecated, see https://github.com/request/request/issues/3142
warning @nomiclabs/buidler-truffle5 > @nomiclabs/truffle-contract > @truffle/interface-adapter > web3 > web3-bzz > swarm-js > eth-lib > servify > request > uuid@3.4.0: Please upgrade  to version 7 or higher.  Older versions may use Math.random() in certain circumstances, which is known to be problematic.  See https://v8.dev/blog/math-random for details.
warning @nomiclabs/buidler-truffle5 > @nomiclabs/truffle-contract > @truffle/interface-adapter > web3 > web3-eth > web3-eth-ens > content-hash > multicodec@0.5.7: This module has been superseded by the multiformats module
warning @nomiclabs/buidler-truffle5 > @nomiclabs/truffle-contract > @truffle/interface-adapter > web3 > web3-eth > web3-eth-ens > content-hash > cids@0.7.5: This module has been superseded by the multiformats module
warning @nomiclabs/buidler-truffle5 > @nomiclabs/truffle-contract > @truffle/interface-adapter > web3 > web3-eth > web3-eth-ens > content-hash > cids > multicodec@1.0.4: This module has been superseded by the multiformats module
warning @nomiclabs/buidler-truffle5 > @nomiclabs/truffle-contract > @truffle/interface-adapter > web3 > web3-bzz > swarm-js > eth-lib > servify > request > har-validator@5.1.5: this library is no longer supported
warning @nomiclabs/buidler-truffle5 > @nomiclabs/truffle-contract > @truffle/interface-adapter > web3 > web3-eth > web3-eth-ens > content-hash > multihashes > multibase@0.7.0: This module has been superseded by the multiformats module
warning @nomiclabs/buidler-truffle5 > @nomiclabs/truffle-contract > @truffle/interface-adapter > web3 > web3-eth > web3-eth-ens > content-hash > cids > multibase@0.6.1: This module has been superseded by the multiformats module
warning @nomiclabs/buidler-web3 > @types/bignumber.js@5.0.0: This is a stub types definition for bignumber.js (https://github.com/MikeMcl/bignumber.js/). bignumber.js provides its own type definitions, so you don't need @types/bignumber.js installed!
warning @openzeppelin/docs-utils > live-server > chokidar@2.1.8: Chokidar 2 does not receive security updates since 2019. Upgrade to chokidar 3 with 15x fewer dependencies
warning @openzeppelin/docs-utils > live-server > chokidar > fsevents@1.2.13: fsevents 1 will break on node v14+ and could be using insecure binaries. Upgrade to fsevents 2.
warning @openzeppelin/docs-utils > live-server > http-auth > uuid@3.4.0: Please upgrade  to version 7 or higher.  Older versions may use Math.random() in certain circumstances, which is known to be problematic.  See https://v8.dev/blog/math-random for details.
warning @openzeppelin/docs-utils > live-server > opn@6.0.0: The package has been renamed to `open`
warning @openzeppelin/docs-utils > live-server > chokidar > braces > snapdragon > source-map-resolve@0.5.3: See https://github.com/lydell/source-map-resolve#deprecated
warning @openzeppelin/docs-utils > live-server > chokidar > braces > snapdragon > source-map-resolve > resolve-url@0.2.1: https://github.com/lydell/resolve-url#deprecated
warning @openzeppelin/docs-utils > live-server > chokidar > braces > snapdragon > source-map-resolve > source-map-url@0.4.1: See https://github.com/lydell/source-map-url#deprecated
warning @openzeppelin/docs-utils > live-server > chokidar > braces > snapdragon > source-map-resolve > urix@0.1.0: Please see https://github.com/lydell/urix#deprecated
warning @openzeppelin/gsn-helpers@0.2.4: This project is deprecated. We are no longer actively developing new features nor addressing issues. Head to the readme for more information.
warning @openzeppelin/gsn-helpers > axios@0.19.2: Critical security vulnerability fixed in v0.21.1. For more information, see https://github.com/axios/axios/pull/3410
warning @openzeppelin/gsn-provider@0.1.11: This project is deprecated. We are no longer actively developing new features nor addressing issues. Head to the readme for more information.
warning @openzeppelin/gsn-provider > axios@0.19.2: Critical security vulnerability fixed in v0.21.1. For more information, see https://github.com/axios/axios/pull/3410
warning @openzeppelin/gsn-provider > eth-sig-util@2.5.4: Deprecated in favor of '@metamask/eth-sig-util'
warning @openzeppelin/gsn-provider > ethereumjs-tx@1.3.7: New package name format for new versions: @ethereumjs/tx. Please update.
warning @openzeppelin/gsn-provider > eth-crypto > ethereumjs-tx@2.1.2: New package name format for new versions: @ethereumjs/tx. Please update.
warning @openzeppelin/gsn-provider > ethereumjs-wallet > uuid@3.4.0: Please upgrade  to version 7 or higher.  Older versions may use Math.random() in certain circumstances, which is known to be problematic.  See https://v8.dev/blog/math-random for details.
warning @openzeppelin/gsn-provider > eth-crypto > babel-runtime > core-js@2.6.12: core-js@<3.4 is no longer maintained and not recommended for usage due to the number of issues. Because of the V8 engine whims, feature detection in old core-js versions could cause a slowdown up to 100x even if nothing is polyfilled. Please, upgrade your dependencies to the actual version of core-js.
warning @openzeppelin/test-helpers > @truffle/contract > web3 > web3-eth > web3-eth-accounts > uuid@3.3.2: Please upgrade  to version 7 or higher.  Older versions may use Math.random() in certain circumstances, which is known to be problematic.  See https://v8.dev/blog/math-random for details.
warning @openzeppelin/test-helpers > @truffle/contract > @ensdomains/ensjs > @ensdomains/ens@0.4.5: Please use @ensdomains/ens-contracts
warning @openzeppelin/test-helpers > @truffle/contract > @ensdomains/ensjs > @ensdomains/resolver@0.2.4: Please use @ensdomains/ens-contracts
warning @openzeppelin/test-helpers > @truffle/contract > @ensdomains/ensjs > @ensdomains/ens > testrpc@0.0.1: testrpc has been renamed to ganache-cli, please use this package from now on.
warning eth-sig-util@3.0.1: Deprecated in favor of '@metamask/eth-sig-util'
[2/4] Fetching packages...
[3/4] Linking dependencies...
warning "@nomiclabs/buidler-truffle5 > @nomiclabs/truffle-contract@4.2.23" has unmet peer dependency "web3-core-helpers@^1.2.1".
warning "@nomiclabs/buidler-truffle5 > @nomiclabs/truffle-contract@4.2.23" has unmet peer dependency "web3-core-promievent@^1.2.1".
warning "@nomiclabs/buidler-truffle5 > @nomiclabs/truffle-contract@4.2.23" has unmet peer dependency "web3-eth-abi@^1.2.1".
warning "@nomiclabs/buidler-truffle5 > @nomiclabs/truffle-contract@4.2.23" has unmet peer dependency "web3-utils@^1.2.1".
warning "@openzeppelin/test-helpers > chai-bn@0.2.2" has unmet peer dependency "bn.js@^4.11.0".
[4/4] Building fresh packages...
success Saved lockfile.
$ npm run compile

> openzeppelin-solidity@3.4.1-solc-0.7-2 compile
> buidler compile

(node:69707) Warning: Accessing non-existent property 'INVALID_ALT_NUMBER' of module exports inside circular dependency
(Use `node --trace-warnings ...` to show where the warning was created)
(node:69707) Warning: Accessing non-existent property 'INVALID_ALT_NUMBER' of module exports inside circular dependency
Compiling...
Downloading compiler version 0.7.4
Compiled 159 contracts successfully
[3/4] Linking dependencies...
warning " > @typechain/ethers-v5@7.1.2" has unmet peer dependency "typescript@>=4.0.0".
warning " > @typechain/ethers-v5@7.1.2" has unmet peer dependency "@ethersproject/bytes@^5.0.0".
warning " > @typechain/ethers-v5@7.1.2" has unmet peer dependency "@ethersproject/providers@^5.0.0".
warning " > @typechain/ethers-v5@7.1.2" has unmet peer dependency "@ethersproject/abi@^5.0.0".
warning "@typechain/ethers-v5 > ts-essentials@7.0.3" has unmet peer dependency "typescript@>=3.7.0".
warning " > @typechain/hardhat@2.3.0" has unmet peer dependency "lodash@^4.17.15".
warning "ethereum-waffle > @ethereum-waffle/compiler > typechain > ts-essentials@6.0.7" has unmet peer dependency "typescript@>=3.7.0".
[4/4] Building fresh packages...
Done in 232.60s.
